0 info it worked if it ends with ok
1 verbose cli [ 'c:\\Program Files\\nodejs\\node.exe',
1 verbose cli   'c:\\Program Files\\nodejs\\node_modules\\npm\\bin\\npm-cli.js',
1 verbose cli   'install',
1 verbose cli   '.g',
1 verbose cli   'grunt-cli' ]
2 info using npm@1.4.28
3 info using node@v0.10.36
4 warn package.json nodehub-layout-exam@1.0.0 No README data
5 verbose readDependencies using package.json deps
6 verbose cache add [ '.g', null ]
7 verbose cache add name=undefined spec=".g" args=[".g",null]
8 verbose parsed url { protocol: null,
8 verbose parsed url   slashes: null,
8 verbose parsed url   auth: null,
8 verbose parsed url   host: null,
8 verbose parsed url   port: null,
8 verbose parsed url   hostname: null,
8 verbose parsed url   hash: null,
8 verbose parsed url   search: null,
8 verbose parsed url   query: null,
8 verbose parsed url   pathname: '.g',
8 verbose parsed url   path: '.g',
8 verbose parsed url   href: '.g' }
9 verbose cache add [ 'grunt-cli', null ]
10 verbose cache add name=undefined spec="grunt-cli" args=["grunt-cli",null]
11 verbose parsed url { protocol: null,
11 verbose parsed url   slashes: null,
11 verbose parsed url   auth: null,
11 verbose parsed url   host: null,
11 verbose parsed url   port: null,
11 verbose parsed url   hostname: null,
11 verbose parsed url   hash: null,
11 verbose parsed url   search: null,
11 verbose parsed url   query: null,
11 verbose parsed url   pathname: 'grunt-cli',
11 verbose parsed url   path: 'grunt-cli',
11 verbose parsed url   href: 'grunt-cli' }
12 silly lockFile 4ac975c6-g .g
13 verbose lock .g C:\Users\i\AppData\Roaming\npm-cache\4ac975c6-g.lock
14 silly lockFile 671ef8ac-grunt-cli grunt-cli
15 verbose lock grunt-cli C:\Users\i\AppData\Roaming\npm-cache\671ef8ac-grunt-cli.lock
16 silly lockFile 4ac975c6-g .g
17 silly lockFile 4ac975c6-g .g
18 silly lockFile 671ef8ac-grunt-cli grunt-cli
19 silly lockFile 671ef8ac-grunt-cli grunt-cli
20 error addLocal Could not install .g
21 verbose addNamed [ 'grunt-cli', '' ]
22 verbose addNamed [ null, '*' ]
23 silly lockFile d63f3d0b-grunt-cli grunt-cli@
24 verbose lock grunt-cli@ C:\Users\i\AppData\Roaming\npm-cache\d63f3d0b-grunt-cli.lock
25 silly addNameRange { name: 'grunt-cli', range: '*', hasData: false }
26 verbose request where is /grunt-cli
27 verbose request registry https://registry.npmjs.org/
28 verbose request id 74af6546d52d1df8
29 verbose url raw /grunt-cli
30 verbose url resolving [ 'https://registry.npmjs.org/', './grunt-cli' ]
31 verbose url resolved https://registry.npmjs.org/grunt-cli
32 verbose request where is https://registry.npmjs.org/grunt-cli
33 info trying registry request attempt 1 at 17:44:42
34 verbose etag "7E8D0YWMBS43ZQ6OJRT932OQG"
35 http GET https://registry.npmjs.org/grunt-cli
36 http 200 https://registry.npmjs.org/grunt-cli
37 silly registry.get cb [ 200,
37 silly registry.get   { date: 'Mon, 23 Mar 2015 16:44:41 GMT',
37 silly registry.get     server: 'CouchDB/1.5.0 (Erlang OTP/R16B03)',
37 silly registry.get     etag: '"AYJJZF2FXWVC9254BWEXOD4TA"',
37 silly registry.get     'content-type': 'application/json',
37 silly registry.get     'cache-control': 'max-age=60',
37 silly registry.get     'content-length': '20543',
37 silly registry.get     'accept-ranges': 'bytes',
37 silly registry.get     via: '1.1 varnish',
37 silly registry.get     age: '40',
37 silly registry.get     'x-served-by': 'cache-ams4121-AMS',
37 silly registry.get     'x-cache': 'HIT',
37 silly registry.get     'x-cache-hits': '1',
37 silly registry.get     'x-timer': 'S1427129081.737759,VS0,VE0',
37 silly registry.get     vary: 'Accept',
37 silly registry.get     'keep-alive': 'timeout=10, max=50',
37 silly registry.get     connection: 'Keep-Alive' } ]
38 silly addNameRange number 2 { name: 'grunt-cli', range: '*', hasData: true }
39 silly addNameRange versions [ 'grunt-cli',
39 silly addNameRange   [ '0.1.0',
39 silly addNameRange     '0.1.1',
39 silly addNameRange     '0.1.2',
39 silly addNameRange     '0.1.3',
39 silly addNameRange     '0.1.4',
39 silly addNameRange     '0.1.5',
39 silly addNameRange     '0.1.6',
39 silly addNameRange     '0.1.7',
39 silly addNameRange     '0.1.8',
39 silly addNameRange     '0.1.9',
39 silly addNameRange     '0.1.10',
39 silly addNameRange     '0.1.11',
39 silly addNameRange     '0.1.12',
39 silly addNameRange     '0.1.13' ] ]
40 verbose addNamed [ 'grunt-cli', '0.1.13' ]
41 verbose addNamed [ '0.1.13', '0.1.13' ]
42 silly lockFile 28997503-grunt-cli-0-1-13 grunt-cli@0.1.13
43 verbose lock grunt-cli@0.1.13 C:\Users\i\AppData\Roaming\npm-cache\28997503-grunt-cli-0-1-13.lock
44 silly lockFile 28997503-grunt-cli-0-1-13 grunt-cli@0.1.13
45 silly lockFile 28997503-grunt-cli-0-1-13 grunt-cli@0.1.13
46 silly lockFile d63f3d0b-grunt-cli grunt-cli@
47 silly lockFile d63f3d0b-grunt-cli grunt-cli@
48 error Error: ENOENT, stat 'c:\htdocs\pruebanodehub\nodehub-layout-exam\.g'
49 error If you need help, you may report this *entire* log,
49 error including the npm and node versions, at:
49 error     <http://github.com/npm/npm/issues>
50 error System Windows_NT 6.1.7601
51 error command "c:\\Program Files\\nodejs\\node.exe" "c:\\Program Files\\nodejs\\node_modules\\npm\\bin\\npm-cli.js" "install" ".g" "grunt-cli"
52 error cwd c:\htdocs\pruebanodehub\nodehub-layout-exam
53 error node -v v0.10.36
54 error npm -v 1.4.28
55 error path c:\htdocs\pruebanodehub\nodehub-layout-exam\.g
56 error code ENOENT
57 error errno 34
58 verbose exit [ 34, true ]
